
> giorgio-paoloni-portfolio@0.1.0 dev
> next dev

  ▲ Next.js 14.2.3
  - Local:        http://localhost:3000

 ✓ Starting...
 ✓ Ready in 2.8s
 ○ Compiling / ...
 ✓ Compiled / in 9.1s (591 modules)
 GET / 200 in 9564ms
TypeError: fetch failed
    at node:internal/deps/undici/undici:14902:13
    at process.processTicksAndRejections (node:internal/process/task_queues:103:5)
    at async fetchExternalImage (/app/node_modules/next/dist/server/image-optimizer.js:565:17)
    at async DevServer.imageOptimizer (/app/node_modules/next/dist/server/next-server.js:650:48)
    at async cacheEntry.imageResponseCache.get.incrementalCache (/app/node_modules/next/dist/server/next-server.js:182:65)
    at async /app/node_modules/next/dist/server/response-cache/index.js:90:36
    at async /app/node_modules/next/dist/lib/batcher.js:45:32 {
  [cause]: Error: getaddrinfo EAI_AGAIN via.placeholder.com
      at GetAddrInfoReqWrap.onlookupall [as oncomplete] (node:dns:122:26)
      at GetAddrInfoReqWrap.callbackTrampoline (node:internal/async_hooks:130:17) {
    errno: -3001,
    code: 'EAI_AGAIN',
    syscall: 'getaddrinfo',
    hostname: 'via.placeholder.com'
  }
}
 ○ Compiling /_error ...
 ✓ Compiled /about in 8.1s (791 modules)
 ⚠ You have added a custom /_error page without a custom /404 page. This prevents the 404 page from being auto statically optimized.
See here for info: https://nextjs.org/docs/messages/custom-error-no-custom-404
 GET /_next/image?url=https%3A%2F%2Fvia.placeholder.com%2F800x600.png%3Ftext%3DMock%2BImage&w=640&q=75 500 in 8590ms
 GET /_next/image?url=https%3A%2F%2Fvia.placeholder.com%2F800x600.png%3Ftext%3DMock%2BImage&w=640&q=75 500 in 8353ms
 GET /about 200 in 4452ms
